#
# There is insufficient memory for the Java Runtime Environment to continue.
# Native memory allocation (malloc) failed to allocate 1549936 bytes for Chunk::new
# Possible reasons:
#   The system is out of physical RAM or swap space
#   The process is running with CompressedOops enabled, and the Java Heap may be blocking the growth of the native heap
# Possible solutions:
#   Reduce memory load on the system
#   Increase physical memory or swap space
#   Check if swap backing store is full
#   Decrease Java heap size (-Xmx/-Xms)
#   Decrease number of Java threads
#   Decrease Java thread stack sizes (-Xss)
#   Set larger code cache with -XX:ReservedCodeCacheSize=
#   JVM is running with Unscaled Compressed Oops mode in which the Java heap is
#     placed in the first 4GB address space. The Java Heap base address is the
#     maximum limit for the native heap growth. Please use -XX:HeapBaseMinAddress
#     to set the Java Heap base and to place the Java Heap above 4GB virtual address.
# This output file may be truncated or incomplete.
#
#  Out of Memory Error (./src/hotspot/share/memory/arena.cpp:197), pid=30956, tid=31064
#
# JRE version: OpenJDK Runtime Environment (11.0.8+10) (build 11.0.8+10-b944.6842174)
# Java VM: OpenJDK 64-Bit Server VM (11.0.8+10-b944.6842174, mixed mode, tiered, compressed oops, g1 gc, windows-amd64)
# No core dump will be written. Minidumps are not enabled by default on client versions of Windows
#

---------------  S U M M A R Y ------------

Command Line: --add-opens=java.base/java.util=ALL-UNNAMED --add-opens=java.base/java.lang=ALL-UNNAMED --add-opens=java.base/java.lang.invoke=ALL-UNNAMED --add-opens=java.prefs/java.util.prefs=ALL-UNNAMED -Xmx1024m -Dfile.encoding=windows-1252 -Duser.country=IN -Duser.language=en -Duser.variant org.gradle.launcher.daemon.bootstrap.GradleDaemon 6.7.1

Host: 11th Gen Intel(R) Core(TM) i7-1165G7 @ 2.80GHz, 8 cores, 7G,  Windows 10 , 64 bit Build 19041 (10.0.19041.1023)
Time: Tue Jul 20 14:20:43 2021 India Standard Time elapsed time: 10 seconds (0d 0h 0m 10s)

---------------  T H R E A D  ---------------

Current thread (0x000001745064f000):  JavaThread "C2 CompilerThread0" daemon [_thread_in_native, id=31064, stack(0x00000004bd900000,0x00000004bda00000)]


Current CompileTask:
C2:  10279 3778       4       java.util.AbstractCollection::addAll (42 bytes)

Stack: [0x00000004bd900000,0x00000004bda00000]
Native frames: (J=compiled Java code, j=interpreted, Vv=VM code, C=native code)
V  [jvm.dll+0x5de50a]
V  [jvm.dll+0x7122f5]
V  [jvm.dll+0x71384d]
V  [jvm.dll+0x713f03]
V  [jvm.dll+0x23e728]
V  [jvm.dll+0xb899c]
V  [jvm.dll+0xb8e9c]
V  [jvm.dll+0x35020b]
V  [jvm.dll+0x31dea3]
V  [jvm.dll+0x31d39a]
V  [jvm.dll+0x1f7702]
V  [jvm.dll+0x1f68d4]
V  [jvm.dll+0x17f32c]
V  [jvm.dll+0x205047]
V  [jvm.dll+0x203891]
V  [jvm.dll+0x6dad3f]
V  [jvm.dll+0x6d3895]
V  [jvm.dll+0x5dd4a6]
C  [ucrtbase.dll+0x21bb2]
C  [KERNEL32.DLL+0x17034]
C  [ntdll.dll+0x52651]


---------------  P R O C E S S  ---------------

Threads class SMR info:
_java_thread_list=0x0000017454f3b8e0, length=50, elements={
0x000001743819a000, 0x000001745062e800, 0x0000017450630000, 0x000001745064c000,
0x000001745064d000, 0x000001745064f000, 0x0000017450653000, 0x0000017451024000,
0x000001745111a800, 0x000001745114d000, 0x0000017452a4c800, 0x00000174522b7000,
0x0000017452c2d800, 0x00000174529bf800, 0x00000174529c0000, 0x0000017452246800,
0x0000017451f92800, 0x00000174523a1000, 0x00000174523a1800, 0x0000017452cc5000,
0x000001745168f800, 0x000001745168e000, 0x0000017451692000, 0x0000017451690800,
0x000001745168f000, 0x0000017451691800, 0x000001745168d000, 0x0000017451693000,
0x0000017451694000, 0x000001745390c800, 0x0000017453913000, 0x000001745390e000,
0x000001745390d000, 0x000001745390f800, 0x000001745390e800, 0x0000017453910800,
0x0000017453911000, 0x0000017453914800, 0x0000017453915800, 0x0000017453917000,
0x0000017453913800, 0x0000017453916000, 0x0000017453917800, 0x0000017453912000,
0x0000017453918800, 0x000001745391b000, 0x0000017453919800, 0x000001745391a000,
0x0000017454e04800, 0x0000017454e00800
}

Java Threads: ( => current thread )
  0x000001743819a000 JavaThread "main" [_thread_blocked, id=31020, stack(0x00000004bce00000,0x00000004bcf00000)]
  0x000001745062e800 JavaThread "Reference Handler" daemon [_thread_blocked, id=31048, stack(0x00000004bd500000,0x00000004bd600000)]
  0x0000017450630000 JavaThread "Finalizer" daemon [_thread_blocked, id=31052, stack(0x00000004bd600000,0x00000004bd700000)]
  0x000001745064c000 JavaThread "Signal Dispatcher" daemon [_thread_blocked, id=31056, stack(0x00000004bd700000,0x00000004bd800000)]
  0x000001745064d000 JavaThread "Attach Listener" daemon [_thread_blocked, id=31060, stack(0x00000004bd800000,0x00000004bd900000)]
=>0x000001745064f000 JavaThread "C2 CompilerThread0" daemon [_thread_in_native, id=31064, stack(0x00000004bd900000,0x00000004bda00000)]
  0x0000017450653000 JavaThread "C1 CompilerThread0" daemon [_thread_blocked, id=31068, stack(0x00000004bda00000,0x00000004bdb00000)]
  0x0000017451024000 JavaThread "Sweeper thread" daemon [_thread_blocked, id=31072, stack(0x00000004bdb00000,0x00000004bdc00000)]
  0x000001745111a800 JavaThread "Common-Cleaner" daemon [_thread_blocked, id=31076, stack(0x00000004bdc00000,0x00000004bdd00000)]
  0x000001745114d000 JavaThread "Service Thread" daemon [_thread_blocked, id=31080, stack(0x00000004bdd00000,0x00000004bde00000)]
  0x0000017452a4c800 JavaThread "Daemon health stats" [_thread_blocked, id=31152, stack(0x00000004be000000,0x00000004be100000)]
  0x00000174522b7000 JavaThread "Incoming local TCP Connector on port 55241" [_thread_in_native, id=31772, stack(0x00000004be300000,0x00000004be400000)]
  0x0000017452c2d800 JavaThread "Daemon periodic checks" [_thread_blocked, id=31788, stack(0x00000004be400000,0x00000004be500000)]
  0x00000174529bf800 JavaThread "Daemon" [_thread_blocked, id=31896, stack(0x00000004be500000,0x00000004be600000)]
  0x00000174529c0000 JavaThread "Handler for socket connection from /127.0.0.1:55241 to /127.0.0.1:53377" [_thread_in_native, id=31904, stack(0x00000004be600000,0x00000004be700000)]
  0x0000017452246800 JavaThread "Cancel handler" [_thread_blocked, id=31996, stack(0x00000004be700000,0x00000004be800000)]
  0x0000017451f92800 JavaThread "Daemon worker" [_thread_in_vm, id=32000, stack(0x00000004be800000,0x00000004be900000)]
  0x00000174523a1000 JavaThread "Asynchronous log dispatcher for DefaultDaemonConnection: socket connection from /127.0.0.1:55241 to /127.0.0.1:53377" [_thread_blocked, id=32012, stack(0x00000004be900000,0x00000004bea00000)]
  0x00000174523a1800 JavaThread "Stdin handler" [_thread_blocked, id=32016, stack(0x00000004bea00000,0x00000004beb00000)]
  0x0000017452cc5000 JavaThread "Thread-8" [_thread_blocked, id=32020, stack(0x00000004beb00000,0x00000004bec00000)]
  0x000001745168f800 JavaThread "Cache worker for file hash cache (C:\Users\SHIVAM\.gradle\caches\6.7.1\fileHashes)" [_thread_blocked, id=32404, stack(0x00000004bf200000,0x00000004bf300000)]
  0x000001745168e000 JavaThread "File lock request listener" [_thread_in_native, id=32416, stack(0x00000004bf300000,0x00000004bf400000)]
  0x0000017451692000 JavaThread "Cache worker for journal cache (C:\Users\SHIVAM\.gradle\caches\journal-1)" [_thread_blocked, id=32444, stack(0x00000004bf500000,0x00000004bf600000)]
  0x0000017451690800 JavaThread "Cache worker for file hash cache (D:\pong\.gradle\6.7.1\fileHashes)" [_thread_blocked, id=32488, stack(0x00000004bf600000,0x00000004bf700000)]
  0x000001745168f000 JavaThread "jar transforms" [_thread_blocked, id=32500, stack(0x00000004bf700000,0x00000004bf800000)]
  0x0000017451691800 JavaThread "jar transforms Thread 2" [_thread_blocked, id=32512, stack(0x00000004bf800000,0x00000004bf900000)]
  0x000001745168d000 JavaThread "jar transforms Thread 3" [_thread_blocked, id=32516, stack(0x00000004bf900000,0x00000004bfa00000)]
  0x0000017451693000 JavaThread "jar transforms Thread 4" [_thread_blocked, id=32520, stack(0x00000004bfa00000,0x00000004bfb00000)]
  0x0000017451694000 JavaThread "jar transforms Thread 5" [_thread_blocked, id=32532, stack(0x00000004bfb00000,0x00000004bfc00000)]
  0x000001745390c800 JavaThread "jar transforms Thread 6" [_thread_blocked, id=32540, stack(0x00000004bfc00000,0x00000004bfd00000)]
  0x0000017453913000 JavaThread "jar transforms Thread 7" [_thread_blocked, id=32544, stack(0x00000004bfd00000,0x00000004bfe00000)]
  0x000001745390e000 JavaThread "jar transforms Thread 8" [_thread_blocked, id=32548, stack(0x00000004bfe00000,0x00000004bff00000)]
  0x000001745390d000 JavaThread "jar transforms Thread 9" [_thread_blocked, id=32552, stack(0x00000004bff00000,0x00000004c0000000)]
  0x000001745390f800 JavaThread "jar transforms Thread 10" [_thread_blocked, id=32556, stack(0x00000004c0000000,0x00000004c0100000)]
  0x000001745390e800 JavaThread "jar transforms Thread 11" [_thread_blocked, id=32560, stack(0x00000004c0100000,0x00000004c0200000)]
  0x0000017453910800 JavaThread "jar transforms Thread 12" [_thread_blocked, id=32564, stack(0x00000004c0200000,0x00000004c0300000)]
  0x0000017453911000 JavaThread "jar transforms Thread 13" [_thread_blocked, id=32568, stack(0x00000004c0300000,0x00000004c0400000)]
  0x0000017453914800 JavaThread "jar transforms Thread 14" [_thread_blocked, id=32572, stack(0x00000004c0400000,0x00000004c0500000)]
  0x0000017453915800 JavaThread "jar transforms Thread 15" [_thread_blocked, id=32576, stack(0x00000004c0500000,0x00000004c0600000)]
  0x0000017453917000 JavaThread "jar transforms Thread 16" [_thread_blocked, id=32580, stack(0x00000004c0600000,0x00000004c0700000)]
  0x0000017453913800 JavaThread "jar transforms Thread 17" [_thread_blocked, id=32584, stack(0x00000004c0700000,0x00000004c0800000)]
  0x0000017453916000 JavaThread "jar transforms Thread 18" [_thread_blocked, id=32588, stack(0x00000004c0800000,0x00000004c0900000)]
  0x0000017453917800 JavaThread "jar transforms Thread 19" [_thread_blocked, id=32592, stack(0x00000004c0900000,0x00000004c0a00000)]
  0x0000017453912000 JavaThread "jar transforms Thread 20" [_thread_blocked, id=32596, stack(0x00000004c0a00000,0x00000004c0b00000)]
  0x0000017453918800 JavaThread "jar transforms Thread 21" [_thread_blocked, id=32600, stack(0x00000004c0b00000,0x00000004c0c00000)]
  0x000001745391b000 JavaThread "Cache worker for checksums cache (D:\pong\.gradle\checksums)" [_thread_blocked, id=32620, stack(0x00000004c0c00000,0x00000004c0d00000)]
  0x0000017453919800 JavaThread "Cache worker for cache directory md-supplier (C:\Users\SHIVAM\.gradle\caches\6.7.1\md-supplier)" [_thread_blocked, id=32624, stack(0x00000004c0d00000,0x00000004c0e00000)]
  0x000001745391a000 JavaThread "Cache worker for cache directory md-rule (C:\Users\SHIVAM\.gradle\caches\6.7.1\md-rule)" [_thread_blocked, id=32628, stack(0x00000004c0e00000,0x00000004c0f00000)]
  0x0000017454e04800 JavaThread "Cache worker for execution history cache (C:\Users\SHIVAM\.gradle\caches\6.7.1\executionHistory)" [_thread_blocked, id=32632, stack(0x00000004c0f00000,0x00000004c1000000)]
  0x0000017454e00800 JavaThread "Cache worker for file content cache (C:\Users\SHIVAM\.gradle\caches\6.7.1\fileContent)" [_thread_blocked, id=32664, stack(0x00000004c1000000,0x00000004c1100000)]

Other Threads:
  0x000001745062a800 VMThread "VM Thread" [stack: 0x00000004bd400000,0x00000004bd500000] [id=31044]
  0x000001745114e000 WatcherThread [stack: 0x00000004bde00000,0x00000004bdf00000] [id=31084]
  0x00000174381b2800 GCTaskThread "GC Thread#0" [stack: 0x00000004bcf00000,0x00000004bd000000] [id=31024]
  0x0000017451b09000 GCTaskThread "GC Thread#1" [stack: 0x00000004bdf00000,0x00000004be000000] [id=31092]
  0x000001745112c000 GCTaskThread "GC Thread#2" [stack: 0x00000004bec00000,0x00000004bed00000] [id=32304]
  0x0000017452cee000 GCTaskThread "GC Thread#3" [stack: 0x00000004bed00000,0x00000004bee00000] [id=32308]
  0x0000017451db8800 GCTaskThread "GC Thread#4" [stack: 0x00000004bee00000,0x00000004bef00000] [id=32316]
  0x0000017453240800 GCTaskThread "GC Thread#5" [stack: 0x00000004bef00000,0x00000004bf000000] [id=32320]
  0x0000017452bee000 GCTaskThread "GC Thread#6" [stack: 0x00000004bf000000,0x00000004bf100000] [id=32324]
  0x000001745321f800 GCTaskThread "GC Thread#7" [stack: 0x00000004bf100000,0x00000004bf200000] [id=32328]
  0x00000174381cf000 ConcurrentGCThread "G1 Main Marker" [stack: 0x00000004bd000000,0x00000004bd100000] [id=31028]
  0x00000174381d1800 ConcurrentGCThread "G1 Conc#0" [stack: 0x00000004bd100000,0x00000004bd200000] [id=31032]
  0x000001745218a800 ConcurrentGCThread "G1 Conc#1" [stack: 0x00000004bf400000,0x00000004bf500000] [id=32440]
  0x000001743825d800 ConcurrentGCThread "G1 Refine#0" [stack: 0x00000004bd200000,0x00000004bd300000] [id=31036]
  0x000001743825e800 ConcurrentGCThread "G1 Young RemSet Sampling" [stack: 0x00000004bd300000,0x00000004bd400000] [id=31040]

Threads with active compile tasks:
C2 CompilerThread0  10294 3778       4       java.util.AbstractCollection::addAll (42 bytes)

VM state:not at safepoint (normal execution)

VM Mutex/Monitor currently owned by a thread: None

Heap address: 0x00000000c0000000, size: 1024 MB, Compressed Oops mode: 32-bit
Narrow klass base: 0x0000000000000000, Narrow klass shift: 3
Compressed class space size: 1073741824 Address: 0x0000000100000000

Heap:
 garbage-first heap   total 126976K, used 68731K [0x00000000c0000000, 0x0000000100000000)
  region size 1024K, 32 young (32768K), 5 survivors (5120K)
 Metaspace       used 44001K, capacity 45070K, committed 45308K, reserved 1089536K
  class space    used 5517K, capacity 5892K, committed 6016K, reserved 1048576K
Heap Regions: E=young(eden), S=young(survivor), O=old, HS=humongous(starts), HC=humongous(continues), CS=collection set, F=free, A=archive, TAMS=top-at-mark-start (previous, next)
|   0|0x00000000c0000000, 0x00000000c0100000, 0x00000000c0100000|100%| O|  |TAMS 0x00000000c0100000, 0x00000000c0000000| Untracked 
|   1|0x00000000c0100000, 0x00000000c0200000, 0x00000000c0200000|100%| O|  |TAMS 0x00000000c0200000, 0x00000000c0100000| Untracked 
|   2|0x00000000c0200000, 0x00000000c0300000, 0x00000000c0300000|100%| O|  |TAMS 0x00000000c0300000, 0x00000000c0200000| Untracked 
|   3|0x00000000c0300000, 0x00000000c0400000, 0x00000000c0400000|100%|HS|  |TAMS 0x00000000c0400000, 0x00000000c0300000| Complete 
|   4|0x00000000c0400000, 0x00000000c0500000, 0x00000000c0500000|100%|HC|  |TAMS 0x00000000c0500000, 0x00000000c0400000| Complete 
|   5|0x00000000c0500000, 0x00000000c0600000, 0x00000000c0600000|100%|HC|  |TAMS 0x00000000c0600000, 0x00000000c0500000| Complete 
|   6|0x00000000c0600000, 0x00000000c0700000, 0x00000000c0700000|100%| O|  |TAMS 0x00000000c0700000, 0x00000000c0600000| Untracked 
|   7|0x00000000c0700000, 0x00000000c0800000, 0x00000000c0800000|100%| O|  |TAMS 0x00000000c0800000, 0x00000000c0700000| Untracked 
|   8|0x00000000c0800000, 0x00000000c0900000, 0x00000000c0900000|100%| O|  |TAMS 0x00000000c0900000, 0x00000000c0800000| Untracked 
|   9|0x00000000c0900000, 0x00000000c0a00000, 0x00000000c0a00000|100%| O|  |TAMS 0x00000000c0a00000, 0x00000000c0900000| Untracked 
|  10|0x00000000c0a00000, 0x00000000c0b00000, 0x00000000c0b00000|100%| O|  |TAMS 0x00000000c0b00000, 0x00000000c0a00000| Untracked 
|  11|0x00000000c0b00000, 0x00000000c0c00000, 0x00000000c0c00000|100%| O|  |TAMS 0x00000000c0c00000, 0x00000000c0b00000| Untracked 
|  12|0x00000000c0c00000, 0x00000000c0d00000, 0x00000000c0d00000|100%| O|  |TAMS 0x00000000c0d00000, 0x00000000c0c00000| Untracked 
|  13|0x00000000c0d00000, 0x00000000c0e00000, 0x00000000c0e00000|100%| O|  |TAMS 0x00000000c0e00000, 0x00000000c0d00000| Untracked 
|  14|0x00000000c0e00000, 0x00000000c0f00000, 0x00000000c0f00000|100%| O|  |TAMS 0x00000000c0f00000, 0x00000000c0e00000| Untracked 
|  15|0x00000000c0f00000, 0x00000000c1000000, 0x00000000c1000000|100%| O|  |TAMS 0x00000000c1000000, 0x00000000c0f00000| Untracked 
|  16|0x00000000c1000000, 0x00000000c1100000, 0x00000000c1100000|100%|HS|  |TAMS 0x00000000c1100000, 0x00000000c1000000| Complete 
|  17|0x00000000c1100000, 0x00000000c1200000, 0x00000000c1200000|100%|HC|  |TAMS 0x00000000c1200000, 0x00000000c1100000| Complete 
|  18|0x00000000c1200000, 0x00000000c1300000, 0x00000000c1300000|100%|HS|  |TAMS 0x00000000c1300000, 0x00000000c1200000| Complete 
|  19|0x00000000c1300000, 0x00000000c1400000, 0x00000000c1400000|100%|HC|  |TAMS 0x00000000c1400000, 0x00000000c1300000| Complete 
|  20|0x00000000c1400000, 0x00000000c1500000, 0x00000000c1500000|100%|HC|  |TAMS 0x00000000c1500000, 0x00000000c1400000| Complete 
|  21|0x00000000c1500000, 0x00000000c1600000, 0x00000000c1600000|100%|HS|  |TAMS 0x00000000c1600000, 0x00000000c1500000| Complete 
|  22|0x00000000c1600000, 0x00000000c1700000, 0x00000000c1700000|100%|HC|  |TAMS 0x00000000c1700000, 0x00000000c1600000| Complete 
|  23|0x00000000c1700000, 0x00000000c1800000, 0x00000000c1800000|100%|HC|  |TAMS 0x00000000c1800000, 0x00000000c1700000| Complete 
|  24|0x00000000c1800000, 0x00000000c1900000, 0x00000000c1900000|100%|HC|  |TAMS 0x00000000c1900000, 0x00000000c1800000| Complete 
|  25|0x00000000c1900000, 0x00000000c1a00000, 0x00000000c1a00000|100%| O|  |TAMS 0x00000000c1a00000, 0x00000000c1900000| Untracked 
|  26|0x00000000c1a00000, 0x00000000c1b00000, 0x00000000c1b00000|100%| O|  |TAMS 0x00000000c1b00000, 0x00000000c1a00000| Untracked 
|  27|0x00000000c1b00000, 0x00000000c1c00000, 0x00000000c1c00000|100%| O|  |TAMS 0x00000000c1c00000, 0x00000000c1b00000| Untracked 
|  28|0x00000000c1c00000, 0x00000000c1d00000, 0x00000000c1d00000|100%| O|  |TAMS 0x00000000c1d00000, 0x00000000c1c00000| Untracked 
|  29|0x00000000c1d00000, 0x00000000c1e00000, 0x00000000c1e00000|100%| O|  |TAMS 0x00000000c1e00000, 0x00000000c1d00000| Untracked 
|  30|0x00000000c1e00000, 0x00000000c1e5ca00, 0x00000000c1f00000| 36%| O|  |TAMS 0x00000000c1e5ca00, 0x00000000c1e00000| Untracked 
|  31|0x00000000c1f00000, 0x00000000c2000000, 0x00000000c2000000|100%|HS|  |TAMS 0x00000000c1f00000, 0x00000000c1f00000| Complete 
|  32|0x00000000c2000000, 0x00000000c2100000, 0x00000000c2100000|100%|HC|  |TAMS 0x00000000c2000000, 0x00000000c2000000| Complete 
|  33|0x00000000c2100000, 0x00000000c2200000, 0x00000000c2200000|100%|HC|  |TAMS 0x00000000c2100000, 0x00000000c2100000| Complete 
|  34|0x00000000c2200000, 0x00000000c2300000, 0x00000000c2300000|100%|HS|  |TAMS 0x00000000c2200000, 0x00000000c2200000| Complete 
|  35|0x00000000c2300000, 0x00000000c2400000, 0x00000000c2400000|100%|HC|  |TAMS 0x00000000c2300000, 0x00000000c2300000| Complete 
|  36|0x00000000c2400000, 0x00000000c2500000, 0x00000000c2500000|100%|HC|  |TAMS 0x00000000c2400000, 0x00000000c2400000| Complete 
|  37|0x00000000c2500000, 0x00000000c2600000, 0x00000000c2600000|100%|HC|  |TAMS 0x00000000c2500000, 0x00000000c2500000| Complete 
|  38|0x00000000c2600000, 0x00000000c2600000, 0x00000000c2700000|  0%| F|  |TAMS 0x00000000c2600000, 0x00000000c2600000| Untracked 
|  39|0x00000000c2700000, 0x00000000c2700000, 0x00000000c2800000|  0%| F|  |TAMS 0x00000000c2700000, 0x00000000c2700000| Untracked 
|  40|0x00000000c2800000, 0x00000000c2800000, 0x00000000c2900000|  0%| F|  |TAMS 0x00000000c2800000, 0x00000000c2800000| Untracked 
|  41|0x00000000c2900000, 0x00000000c2900000, 0x00000000c2a00000|  0%| F|  |TAMS 0x00000000c2900000, 0x00000000c2900000| Untracked 
|  42|0x00000000c2a00000, 0x00000000c2a00000, 0x00000000c2b00000|  0%| F|  |TAMS 0x00000000c2a00000, 0x00000000c2a00000| Untracked 
|  43|0x00000000c2b00000, 0x00000000c2b00000, 0x00000000c2c00000|  0%| F|  |TAMS 0x00000000c2b00000, 0x00000000c2b00000| Untracked 
|  44|0x00000000c2c00000, 0x00000000c2c00000, 0x00000000c2d00000|  0%| F|  |TAMS 0x00000000c2c00000, 0x00000000c2c00000| Untracked 
|  45|0x00000000c2d00000, 0x00000000c2d00000, 0x00000000c2e00000|  0%| F|  |TAMS 0x00000000c2d00000, 0x00000000c2d00000| Untracked 
|  46|0x00000000c2e00000, 0x00000000c2e00000, 0x00000000c2f00000|  0%| F|  |TAMS 0x00000000c2e00000, 0x00000000c2e00000| Untracked 
|  47|0x00000000c2f00000, 0x00000000c2f00000, 0x00000000c3000000|  0%| F|  |TAMS 0x00000000c2f00000, 0x00000000c2f00000| Untracked 
|  48|0x00000000c3000000, 0x00000000c3000000, 0x00000000c3100000|  0%| F|  |TAMS 0x00000000c3000000, 0x00000000c3000000| Untracked 
|  49|0x00000000c3100000, 0x00000000c3100000, 0x00000000c3200000|  0%| F|  |TAMS 0x00000000c3100000, 0x00000000c3100000| Untracked 
|  50|0x00000000c3200000, 0x00000000c3200000, 0x00000000c3300000|  0%| F|  |TAMS 0x00000000c3200000, 0x00000000c3200000| Untracked 
|  51|0x00000000c3300000, 0x00000000c3300000, 0x00000000c3400000|  0%| F|  |TAMS 0x00000000c3300000, 0x00000000c3300000| Untracked 
|  52|0x00000000c3400000, 0x00000000c3400000, 0x00000000c3500000|  0%| F|  |TAMS 0x00000000c3400000, 0x00000000c3400000| Untracked 
|  53|0x00000000c3500000, 0x00000000c3500000, 0x00000000c3600000|  0%| F|  |TAMS 0x00000000c3500000, 0x00000000c3500000| Untracked 
|  54|0x00000000c3600000, 0x00000000c3600000, 0x00000000c3700000|  0%| F|  |TAMS 0x00000000c3600000, 0x00000000c3600000| Untracked 
|  55|0x00000000c3700000, 0x00000000c3700000, 0x00000000c3800000|  0%| F|  |TAMS 0x00000000c3700000, 0x00000000c3700000| Untracked 
|  56|0x00000000c3800000, 0x00000000c3800000, 0x00000000c3900000|  0%| F|  |TAMS 0x00000000c3800000, 0x00000000c3800000| Untracked 
|  57|0x00000000c3900000, 0x00000000c3900000, 0x00000000c3a00000|  0%| F|  |TAMS 0x00000000c3900000, 0x00000000c3900000| Untracked 
|  58|0x00000000c3a00000, 0x00000000c3a00000, 0x00000000c3b00000|  0%| F|  |TAMS 0x00000000c3a00000, 0x00000000c3a00000| Untracked 
|  59|0x00000000c3b00000, 0x00000000c3b00000, 0x00000000c3c00000|  0%| F|  |TAMS 0x00000000c3b00000, 0x00000000c3b00000| Untracked 
|  60|0x00000000c3c00000, 0x00000000c3c00000, 0x00000000c3d00000|  0%| F|  |TAMS 0x00000000c3c00000, 0x00000000c3c00000| Untracked 
|  61|0x00000000c3d00000, 0x00000000c3d00000, 0x00000000c3e00000|  0%| F|  |TAMS 0x00000000c3d00000, 0x00000000c3d00000| Untracked 
|  62|0x00000000c3e00000, 0x00000000c3e00000, 0x00000000c3f00000|  0%| F|  |TAMS 0x00000000c3e00000, 0x00000000c3e00000| Untracked 
|  63|0x00000000c3f00000, 0x00000000c3f00000, 0x00000000c4000000|  0%| F|  |TAMS 0x00000000c3f00000, 0x00000000c3f00000| Untracked 
|  64|0x00000000c4000000, 0x00000000c4000000, 0x00000000c4100000|  0%| F|  |TAMS 0x00000000c4000000, 0x00000000c4000000| Untracked 
|  65|0x00000000c4100000, 0x00000000c4100000, 0x00000000c4200000|  0%| F|  |TAMS 0x00000000c4100000, 0x00000000c4100000| Untracked 
|  66|0x00000000c4200000, 0x00000000c4200000, 0x00000000c4300000|  0%| F|  |TAMS 0x00000000c4200000, 0x00000000c4200000| Untracked 
|  67|0x00000000c4300000, 0x00000000c4300000, 0x00000000c4400000|  0%| F|  |TAMS 0x00000000c4300000, 0x00000000c4300000| Untracked 
|  68|0x00000000c4400000, 0x00000000c4400000, 0x00000000c4500000|  0%| F|  |TAMS 0x00000000c4400000, 0x00000000c4400000| Untracked 
|  69|0x00000000c4500000, 0x00000000c45c2500, 0x00000000c4600000| 75%| S|CS|TAMS 0x00000000c4500000, 0x00000000c4500000| Complete 
|  70|0x00000000c4600000, 0x00000000c4700000, 0x00000000c4700000|100%| S|CS|TAMS 0x00000000c4600000, 0x00000000c4600000| Complete 
|  71|0x00000000c4700000, 0x00000000c4800000, 0x00000000c4800000|100%| S|CS|TAMS 0x00000000c4700000, 0x00000000c4700000| Complete 
|  72|0x00000000c4800000, 0x00000000c4900000, 0x00000000c4900000|100%| S|CS|TAMS 0x00000000c4800000, 0x00000000c4800000| Complete 
|  73|0x00000000c4900000, 0x00000000c4a00000, 0x00000000c4a00000|100%| S|CS|TAMS 0x00000000c4900000, 0x00000000c4900000| Complete 
|  74|0x00000000c4a00000, 0x00000000c4a00000, 0x00000000c4b00000|  0%| F|  |TAMS 0x00000000c4a00000, 0x00000000c4a00000| Untracked 
|  75|0x00000000c4b00000, 0x00000000c4b00000, 0x00000000c4c00000|  0%| F|  |TAMS 0x00000000c4b00000, 0x00000000c4b00000| Untracked 
|  76|0x00000000c4c00000, 0x00000000c4c00000, 0x00000000c4d00000|  0%| F|  |TAMS 0x00000000c4c00000, 0x00000000c4c00000| Untracked 
|  77|0x00000000c4d00000, 0x00000000c4d00000, 0x00000000c4e00000|  0%| F|  |TAMS 0x00000000c4d00000, 0x00000000c4d00000| Untracked 
|  78|0x00000000c4e00000, 0x00000000c4e00000, 0x00000000c4f00000|  0%| F|  |TAMS 0x00000000c4e00000, 0x00000000c4e00000| Untracked 
|  79|0x00000000c4f00000, 0x00000000c4f00000, 0x00000000c5000000|  0%| F|  |TAMS 0x00000000c4f00000, 0x00000000c4f00000| Untracked 
|  80|0x00000000c5000000, 0x00000000c5000000, 0x00000000c5100000|  0%| F|  |TAMS 0x00000000c5000000, 0x00000000c5000000| Untracked 
|  81|0x00000000c5100000, 0x00000000c5100000, 0x00000000c5200000|  0%| F|  |TAMS 0x00000000c5100000, 0x00000000c5100000| Untracked 
|  82|0x00000000c5200000, 0x00000000c5200000, 0x00000000c5300000|  0%| F|  |TAMS 0x00000000c5200000, 0x00000000c5200000| Untracked 
|  83|0x00000000c5300000, 0x00000000c5300000, 0x00000000c5400000|  0%| F|  |TAMS 0x00000000c5300000, 0x00000000c5300000| Untracked 
|  84|0x00000000c5400000, 0x00000000c5400000, 0x00000000c5500000|  0%| F|  |TAMS 0x00000000c5400000, 0x00000000c5400000| Untracked 
|  85|0x00000000c5500000, 0x00000000c5500000, 0x00000000c5600000|  0%| F|  |TAMS 0x00000000c5500000, 0x00000000c5500000| Untracked 
|  86|0x00000000c5600000, 0x00000000c5600000, 0x00000000c5700000|  0%| F|  |TAMS 0x00000000c5600000, 0x00000000c5600000| Untracked 
|  87|0x00000000c5700000, 0x00000000c5700000, 0x00000000c5800000|  0%| F|  |TAMS 0x00000000c5700000, 0x00000000c5700000| Untracked 
|  88|0x00000000c5800000, 0x00000000c5800000, 0x00000000c5900000|  0%| F|  |TAMS 0x00000000c5800000, 0x00000000c5800000| Untracked 
|  89|0x00000000c5900000, 0x00000000c5900000, 0x00000000c5a00000|  0%| F|  |TAMS 0x00000000c5900000, 0x00000000c5900000| Untracked 
|  90|0x00000000c5a00000, 0x00000000c5a00000, 0x00000000c5b00000|  0%| F|  |TAMS 0x00000000c5a00000, 0x00000000c5a00000| Untracked 
|  91|0x00000000c5b00000, 0x00000000c5b00000, 0x00000000c5c00000|  0%| F|  |TAMS 0x00000000c5b00000, 0x00000000c5b00000| Untracked 
|  92|0x00000000c5c00000, 0x00000000c5c00000, 0x00000000c5d00000|  0%| F|  |TAMS 0x00000000c5c00000, 0x00000000c5c00000| Untracked 
|  93|0x00000000c5d00000, 0x00000000c5d00000, 0x00000000c5e00000|  0%| F|  |TAMS 0x00000000c5d00000, 0x00000000c5d00000| Untracked 
|  94|0x00000000c5e00000, 0x00000000c5e00000, 0x00000000c5f00000|  0%| F|  |TAMS 0x00000000c5e00000, 0x00000000c5e00000| Untracked 
|  95|0x00000000c5f00000, 0x00000000c5f00000, 0x00000000c6000000|  0%| F|  |TAMS 0x00000000c5f00000, 0x00000000c5f00000| Untracked 
|  96|0x00000000c6000000, 0x00000000c6000000, 0x00000000c6100000|  0%| F|  |TAMS 0x00000000c6000000, 0x00000000c6000000| Untracked 
|  97|0x00000000c6100000, 0x00000000c6200000, 0x00000000c6200000|100%| E|  |TAMS 0x00000000c6100000, 0x00000000c6100000| Complete 
|  98|0x00000000c6200000, 0x00000000c6300000, 0x00000000c6300000|100%| E|CS|TAMS 0x00000000c6200000, 0x00000000c6200000| Complete 
|  99|0x00000000c6300000, 0x00000000c6400000, 0x00000000c6400000|100%| E|CS|TAMS 0x00000000c6300000, 0x00000000c6300000| Complete 
| 100|0x00000000c6400000, 0x00000000c6500000, 0x00000000c6500000|100%| E|CS|TAMS 0x00000000c6400000, 0x00000000c6400000| Complete 
| 101|0x00000000c6500000, 0x00000000c6600000, 0x00000000c6600000|100%| E|CS|TAMS 0x00000000c6500000, 0x00000000c6500000| Complete 
| 102|0x00000000c6600000, 0x00000000c6700000, 0x00000000c6700000|100%| E|CS|TAMS 0x00000000c6600000, 0x00000000c6600000| Complete 
| 103|0x00000000c6700000, 0x00000000c6800000, 0x00000000c6800000|100%| E|CS|TAMS 0x00000000c6700000, 0x00000000c6700000| Complete 
| 104|0x00000000c6800000, 0x00000000c6900000, 0x00000000c6900000|100%| E|CS|TAMS 0x00000000c6800000, 0x00000000c6800000| Complete 
| 105|0x00000000c6900000, 0x00000000c6a00000, 0x00000000c6a00000|100%| E|CS|TAMS 0x00000000c6900000, 0x00000000c6900000| Complete 
| 106|0x00000000c6a00000, 0x00000000c6b00000, 0x00000000c6b00000|100%| E|CS|TAMS 0x00000000c6a00000, 0x00000000c6a00000| Complete 
| 107|0x00000000c6b00000, 0x00000000c6c00000, 0x00000000c6c00000|100%| E|CS|TAMS 0x00000000c6b00000, 0x00000000c6b00000| Complete 
| 108|0x00000000c6c00000, 0x00000000c6d00000, 0x00000000c6d00000|100%| E|CS|TAMS 0x00000000c6c00000, 0x00000000c6c00000| Complete 
| 109|0x00000000c6d00000, 0x00000000c6e00000, 0x00000000c6e00000|100%| E|  |TAMS 0x00000000c6d00000, 0x00000000c6d00000| Complete 
| 110|0x00000000c6e00000, 0x00000000c6f00000, 0x00000000c6f00000|100%| E|CS|TAMS 0x00000000c6e00000, 0x00000000c6e00000| Complete 
| 111|0x00000000c6f00000, 0x00000000c7000000, 0x00000000c7000000|100%| E|CS|TAMS 0x00000000c6f00000, 0x00000000c6f00000| Complete 
| 112|0x00000000c7000000, 0x00000000c7100000, 0x00000000c7100000|100%| E|CS|TAMS 0x00000000c7000000, 0x00000000c7000000| Complete 
| 113|0x00000000c7100000, 0x00000000c7200000, 0x00000000c7200000|100%| E|CS|TAMS 0x00000000c7100000, 0x00000000c7100000| Complete 
| 114|0x00000000c7200000, 0x00000000c7300000, 0x00000000c7300000|100%| E|CS|TAMS 0x00000000c7200000, 0x00000000c7200000| Complete 
| 115|0x00000000c7300000, 0x00000000c7400000, 0x00000000c7400000|100%| E|CS|TAMS 0x00000000c7300000, 0x00000000c7300000| Complete 
| 116|0x00000000c7400000, 0x00000000c7500000, 0x00000000c7500000|100%| E|CS|TAMS 0x00000000c7400000, 0x00000000c7400000| Complete 
| 117|0x00000000c7500000, 0x00000000c7600000, 0x00000000c7600000|100%| E|CS|TAMS 0x00000000c7500000, 0x00000000c7500000| Complete 
| 118|0x00000000c7600000, 0x00000000c7700000, 0x00000000c7700000|100%| E|CS|TAMS 0x00000000c7600000, 0x00000000c7600000| Complete 
| 119|0x00000000c7700000, 0x00000000c7800000, 0x00000000c7800000|100%| E|CS|TAMS 0x00000000c7700000, 0x00000000c7700000| Complete 
| 120|0x00000000c7800000, 0x00000000c7900000, 0x00000000c7900000|100%| E|CS|TAMS 0x00000000c7800000, 0x00000000c7800000| Complete 
| 121|0x00000000c7900000, 0x00000000c7a00000, 0x00000000c7a00000|100%| E|CS|TAMS 0x00000000c7900000, 0x00000000c7900000| Complete 
| 122|0x00000000c7a00000, 0x00000000c7b00000, 0x00000000c7b00000|100%| E|CS|TAMS 0x00000000c7a00000, 0x00000000c7a00000| Complete 
| 123|0x00000000c7b00000, 0x00000000c7c00000, 0x00000000c7c00000|100%| E|CS|TAMS 0x00000000c7b00000, 0x00000000c7b00000| Complete 

Card table byte_map: [0x000001744b7b0000,0x000001744b9b0000] _byte_map_base: 0x000001744b1b0000

Marking Bits (Prev, Next): (CMBitMap*) 0x00000174381ca238, (CMBitMap*) 0x00000174381ca270
 Prev Bits: [0x000001744bbb0000, 0x000001744cbb0000)
 Next Bits: [0x000001744cbb0000, 0x000001744dbb0000)

Polling page: 0x00000174368d0000

Metaspace:

Usage:
  Non-class:     38.32 MB capacity,    37.59 MB ( 98%) used,   663.41 KB (  2%) free+waste,    89.38 KB ( <1%) overhead. 
      Class:      5.76 MB capacity,     5.39 MB ( 94%) used,   332.53 KB (  6%) free+waste,    42.94 KB ( <1%) overhead. 
       Both:     44.08 MB capacity,    42.98 MB ( 98%) used,   995.94 KB (  2%) free+waste,   132.31 KB ( <1%) overhead. 

Virtual space:
  Non-class space:       40.00 MB reserved,      38.37 MB ( 96%) committed 
      Class space:        1.00 GB reserved,       5.88 MB ( <1%) committed 
             Both:        1.04 GB reserved,      44.25 MB (  4%) committed 

Chunk freelists:
   Non-Class:  50.00 KB
       Class:  0 bytes
        Both:  50.00 KB

MaxMetaspaceSize: 17179869184.00 GB
CompressedClassSpaceSize: 1.00 GB

CodeHeap 'non-profiled nmethods': size=120000Kb used=1785Kb max_used=1785Kb free=118214Kb
 bounds [0x0000017443600000, 0x0000017443870000, 0x000001744ab30000]
CodeHeap 'profiled nmethods': size=120000Kb used=8365Kb max_used=8365Kb free=111634Kb
 bounds [0x000001743c0d0000, 0x000001743c900000, 0x0000017443600000]
CodeHeap 'non-nmethods': size=5760Kb used=2221Kb max_used=2240Kb free=3538Kb
 bounds [0x000001743bb30000, 0x000001743bda0000, 0x000001743c0d0000]
 total_blobs=4522 nmethods=3742 adapters=689
 compilation: enabled
              stopped_count=0, restarted_count=0
 full_count=0

Compilation events (20 events):
Event: 10.267 Thread 0x0000017450653000 3918       1       org.codehaus.groovy.runtime.metaclass.NewStaticMetaMethod::getModifiers (3 bytes)
Event: 10.267 Thread 0x0000017450653000 nmethod 3918 0x00000174437bdb10 code [0x00000174437bdcc0, 0x00000174437bdd78]
Event: 10.268 Thread 0x0000017450653000 3919       3       com.sun.beans.TypeResolver::resolveInClass (9 bytes)
Event: 10.268 Thread 0x0000017450653000 nmethod 3919 0x000001743c8ec590 code [0x000001743c8ec7e0, 0x000001743c8ecff8]
Event: 10.268 Thread 0x0000017450653000 3920       3       groovy.lang.MetaClassImpl$Index::getNotNull (32 bytes)
Event: 10.269 Thread 0x0000017450653000 nmethod 3920 0x000001743c8ed290 code [0x000001743c8ed480, 0x000001743c8edb08]
Event: 10.269 Thread 0x0000017450653000 3921       3       java.beans.PropertyDescriptor::getPropertyType0 (22 bytes)
Event: 10.269 Thread 0x0000017450653000 nmethod 3921 0x000001743c8edd10 code [0x000001743c8edee0, 0x000001743c8ee1e8]
Event: 10.269 Thread 0x0000017450653000 3922       3       groovy.lang.MetaClassImpl::establishStaticMetaProperty (262 bytes)
Event: 10.270 Thread 0x0000017450653000 nmethod 3922 0x000001743c8ee310 code [0x000001743c8ee5e0, 0x000001743c8efb98]
Event: 10.270 Thread 0x0000017450653000 3923       3       groovyjarjarasm.asm.SymbolTable::addConstantMemberReference (147 bytes)
Event: 10.271 Thread 0x0000017450653000 nmethod 3923 0x000001743c8f0090 code [0x000001743c8f0320, 0x000001743c8f0c48]
Event: 10.271 Thread 0x0000017450653000 3925       3       groovyjarjarasm.asm.Label::getCanonicalInstance (19 bytes)
Event: 10.271 Thread 0x0000017450653000 nmethod 3925 0x000001743c8f1210 code [0x000001743c8f13c0, 0x000001743c8f1518]
Event: 10.271 Thread 0x0000017450653000 3926       3       groovyjarjarasm.asm.MethodWriter::visitAbstractType (8 bytes)
Event: 10.271 Thread 0x0000017450653000 nmethod 3926 0x000001743c8f1610 code [0x000001743c8f17c0, 0x000001743c8f18f8]
Event: 10.271 Thread 0x0000017450653000 3924       3       groovyjarjarasm.asm.SymbolTable::hash (20 bytes)
Event: 10.271 Thread 0x0000017450653000 nmethod 3924 0x000001743c8f1a10 code [0x000001743c8f1be0, 0x000001743c8f1da8]
Event: 10.271 Thread 0x0000017450653000 3927       3       groovyjarjarasm.asm.Frame::pop (53 bytes)
Event: 10.271 Thread 0x0000017450653000 nmethod 3927 0x000001743c8f1f10 code [0x000001743c8f2160, 0x000001743c8f2898]

GC Heap History (14 events):
Event: 1.342 GC heap before
{Heap before GC invocations=0 (full 0):
 garbage-first heap   total 126976K, used 29696K [0x00000000c0000000, 0x0000000100000000)
  region size 1024K, 24 young (24576K), 0 survivors (0K)
 Metaspace       used 10714K, capacity 10938K, committed 11264K, reserved 1058816K
  class space    used 1132K, capacity 1202K, committed 1280K, reserved 1048576K
}
Event: 1.350 GC heap after
{Heap after GC invocations=1 (full 0):
 garbage-first heap   total 126976K, used 8648K [0x00000000c0000000, 0x0000000100000000)
  region size 1024K, 3 young (3072K), 3 survivors (3072K)
 Metaspace       used 10714K, capacity 10938K, committed 11264K, reserved 1058816K
  class space    used 1132K, capacity 1202K, committed 1280K, reserved 1048576K
}
Event: 5.605 GC heap before
{Heap before GC invocations=1 (full 0):
 garbage-first heap   total 126976K, used 80328K [0x00000000c0000000, 0x0000000100000000)
  region size 1024K, 74 young (75776K), 3 survivors (3072K)
 Metaspace       used 18960K, capacity 19328K, committed 19584K, reserved 1067008K
  class space    used 2287K, capacity 2405K, committed 2432K, reserved 1048576K
}
Event: 5.650 GC heap after
{Heap after GC invocations=2 (full 0):
 garbage-first heap   total 126976K, used 15803K [0x00000000c0000000, 0x0000000100000000)
  region size 1024K, 10 young (10240K), 10 survivors (10240K)
 Metaspace       used 18960K, capacity 19328K, committed 19584K, reserved 1067008K
  class space    used 2287K, capacity 2405K, committed 2432K, reserved 1048576K
}
Event: 6.021 GC heap before
{Heap before GC invocations=2 (full 0):
 garbage-first heap   total 126976K, used 26043K [0x00000000c0000000, 0x0000000100000000)
  region size 1024K, 22 young (22528K), 10 survivors (10240K)
 Metaspace       used 20615K, capacity 21123K, committed 21296K, reserved 1069056K
  class space    used 2518K, capacity 2688K, committed 2688K, reserved 1048576K
}
Event: 6.032 GC heap after
{Heap after GC invocations=3 (full 0):
 garbage-first heap   total 126976K, used 16299K [0x00000000c0000000, 0x0000000100000000)
  region size 1024K, 1 young (1024K), 1 survivors (1024K)
 Metaspace       used 20615K, capacity 21123K, committed 21296K, reserved 1069056K
  class space    used 2518K, capacity 2688K, committed 2688K, reserved 1048576K
}
Event: 7.522 GC heap before
{Heap before GC invocations=4 (full 0):
 garbage-first heap   total 126976K, used 60331K [0x00000000c0000000, 0x0000000100000000)
  region size 1024K, 45 young (46080K), 1 survivors (1024K)
 Metaspace       used 25873K, capacity 26573K, committed 26928K, reserved 1073152K
  class space    used 3368K, capacity 3594K, committed 3712K, reserved 1048576K
}
Event: 7.525 GC heap after
{Heap after GC invocations=5 (full 0):
 garbage-first heap   total 126976K, used 18157K [0x00000000c0000000, 0x0000000100000000)
  region size 1024K, 3 young (3072K), 3 survivors (3072K)
 Metaspace       used 25873K, capacity 26573K, committed 26928K, reserved 1073152K
  class space    used 3368K, capacity 3594K, committed 3712K, reserved 1048576K
}
Event: 8.659 GC heap before
{Heap before GC invocations=5 (full 0):
 garbage-first heap   total 126976K, used 76525K [0x00000000c0000000, 0x0000000100000000)
  region size 1024K, 52 young (53248K), 3 survivors (3072K)
 Metaspace       used 31875K, capacity 32635K, committed 32944K, reserved 1077248K
  class space    used 4245K, capacity 4505K, committed 4608K, reserved 1048576K
}
Event: 8.663 GC heap after
{Heap after GC invocations=6 (full 0):
 garbage-first heap   total 126976K, used 31311K [0x00000000c0000000, 0x0000000100000000)
  region size 1024K, 7 young (7168K), 7 survivors (7168K)
 Metaspace       used 31875K, capacity 32635K, committed 32944K, reserved 1077248K
  class space    used 4245K, capacity 4505K, committed 4608K, reserved 1048576K
}
Event: 8.851 GC heap before
{Heap before GC invocations=6 (full 0):
 garbage-first heap   total 126976K, used 37455K [0x00000000c0000000, 0x0000000100000000)
  region size 1024K, 15 young (15360K), 7 survivors (7168K)
 Metaspace       used 34882K, capacity 35622K, committed 35708K, reserved 1081344K
  class space    used 4528K, capacity 4798K, committed 4864K, reserved 1048576K
}
Event: 8.858 GC heap after
{Heap after GC invocations=7 (full 0):
 garbage-first heap   total 126976K, used 32768K [0x00000000c0000000, 0x0000000100000000)
  region size 1024K, 2 young (2048K), 2 survivors (2048K)
 Metaspace       used 34882K, capacity 35622K, committed 35708K, reserved 1081344K
  class space    used 4528K, capacity 4798K, committed 4864K, reserved 1048576K
}
Event: 9.773 GC heap before
{Heap before GC invocations=8 (full 0):
 garbage-first heap   total 126976K, used 88064K [0x00000000c0000000, 0x0000000100000000)
  region size 1024K, 50 young (51200K), 2 survivors (2048K)
 Metaspace       used 41021K, capacity 41954K, committed 42236K, reserved 1085440K
  class space    used 5266K, capacity 5633K, committed 5760K, reserved 1048576K
}
Event: 9.777 GC heap after
{Heap after GC invocations=9 (full 0):
 garbage-first heap   total 126976K, used 40059K [0x00000000c0000000, 0x0000000100000000)
  region size 1024K, 5 young (5120K), 5 survivors (5120K)
 Metaspace       used 41021K, capacity 41954K, committed 42236K, reserved 1085440K
  class space    used 5266K, capacity 5633K, committed 5760K, reserved 1048576K
}

Deoptimization events (20 events):
Event: 9.917 Thread 0x0000017451f92800 Uncommon trap: trap_request=0xffffffc6 fr.pc=0x0000017443741a48 relative=0x0000000000005468
Event: 9.917 Thread 0x0000017451f92800 Uncommon trap: reason=bimorphic_or_optimized_type_check action=maybe_recompile pc=0x0000017443741a48 method=java.net.URL.<init>(Ljava/net/URL;Ljava/lang/String;Ljava/net/URLStreamHandler;)V @ 504 c2
Event: 9.917 Thread 0x0000017451f92800 DEOPT PACKING pc=0x0000017443741a48 sp=0x00000004be8f8780
Event: 9.917 Thread 0x0000017451f92800 DEOPT UNPACKING pc=0x000001743bb3822f sp=0x00000004be8f8720 mode 2
Event: 9.920 Thread 0x0000017451f92800 Uncommon trap: trap_request=0xffffffc6 fr.pc=0x0000017443741a48 relative=0x0000000000005468
Event: 9.920 Thread 0x0000017451f92800 Uncommon trap: reason=bimorphic_or_optimized_type_check action=maybe_recompile pc=0x0000017443741a48 method=java.net.URL.<init>(Ljava/net/URL;Ljava/lang/String;Ljava/net/URLStreamHandler;)V @ 504 c2
Event: 9.920 Thread 0x0000017451f92800 DEOPT PACKING pc=0x0000017443741a48 sp=0x00000004be8f8780
Event: 9.920 Thread 0x0000017451f92800 DEOPT UNPACKING pc=0x000001743bb3822f sp=0x00000004be8f8720 mode 2
Event: 9.952 Thread 0x0000017451f92800 Uncommon trap: trap_request=0xffffffc6 fr.pc=0x0000017443741a48 relative=0x0000000000005468
Event: 9.952 Thread 0x0000017451f92800 Uncommon trap: reason=bimorphic_or_optimized_type_check action=maybe_recompile pc=0x0000017443741a48 method=java.net.URL.<init>(Ljava/net/URL;Ljava/lang/String;Ljava/net/URLStreamHandler;)V @ 504 c2
Event: 9.952 Thread 0x0000017451f92800 DEOPT PACKING pc=0x0000017443741a48 sp=0x00000004be8f8780
Event: 9.952 Thread 0x0000017451f92800 DEOPT UNPACKING pc=0x000001743bb3822f sp=0x00000004be8f8720 mode 2
Event: 10.136 Thread 0x0000017451f92800 DEOPT PACKING pc=0x000001743c331bda sp=0x00000004be8f4000
Event: 10.136 Thread 0x0000017451f92800 DEOPT UNPACKING pc=0x000001743bb58ade sp=0x00000004be8f3488 mode 0
Event: 10.136 Thread 0x0000017451f92800 DEOPT PACKING pc=0x000001743c72edaa sp=0x00000004be8f4040
Event: 10.136 Thread 0x0000017451f92800 DEOPT UNPACKING pc=0x000001743bb58ade sp=0x00000004be8f3630 mode 0
Event: 10.141 Thread 0x0000017451f92800 Uncommon trap: trap_request=0xffffff4d fr.pc=0x000001744366e3ec relative=0x000000000000190c
Event: 10.141 Thread 0x0000017451f92800 Uncommon trap: reason=unstable_if action=reinterpret pc=0x000001744366e3ec method=java.util.zip.ZipFile$Source.initCEN(ILjava/util/zip/ZipCoder;)V @ 582 c2
Event: 10.141 Thread 0x0000017451f92800 DEOPT PACKING pc=0x000001744366e3ec sp=0x00000004be8f4150
Event: 10.141 Thread 0x0000017451f92800 DEOPT UNPACKING pc=0x000001743bb3822f sp=0x00000004be8f4138 mode 2

Classes redefined (0 events):
No events

Internal exceptions (20 events):
Event: 9.497 Thread 0x0000017451f92800 Exception <a 'java/lang/NoSuchMethodError'{0x00000000c5353fe0}: 'int java.lang.invoke.DirectMethodHandle$Holder.invokeStaticInit(java.lang.Object)'> (0x00000000c5353fe0) thrown at [./src/hotspot/share/interpreter/linkResolver.cpp, line 773]
Event: 9.602 Thread 0x0000017453912000 Exception <a 'sun/nio/fs/WindowsException'{0x00000000c5148f20}> (0x00000000c5148f20) thrown at [./src/hotspot/share/prims/jni.cpp, line 615]
Event: 9.604 Thread 0x0000017453912000 Exception <a 'sun/nio/fs/WindowsException'{0x00000000c5149100}> (0x00000000c5149100) thrown at [./src/hotspot/share/prims/jni.cpp, line 615]
Event: 9.618 Thread 0x0000017451f92800 Exception <a 'java/lang/ClassNotFoundException'{0x00000000c51d3038}: sync_studio_tooling2_63p89mkm2p87hbhs3a1jzb9y3BeanInfo> (0x00000000c51d3038) thrown at [./src/hotspot/share/classfile/systemDictionary.cpp, line 231]
Event: 9.619 Thread 0x0000017451f92800 Exception <a 'java/lang/ClassNotFoundException'{0x00000000c51dc480}: sync_studio_tooling2_63p89mkm2p87hbhs3a1jzb9y3Customizer> (0x00000000c51dc480) thrown at [./src/hotspot/share/classfile/systemDictionary.cpp, line 231]
Event: 9.664 Thread 0x0000017451f92800 Exception <a 'java/lang/ClassNotFoundException'{0x00000000c4f8db08}: org/gradle/invocation/DefaultGradle_DecoratedBeanInfo> (0x00000000c4f8db08) thrown at [./src/hotspot/share/classfile/systemDictionary.cpp, line 231]
Event: 9.665 Thread 0x0000017451f92800 Exception <a 'java/lang/ClassNotFoundException'{0x00000000c4fa9bf8}: org/gradle/invocation/DefaultGradleBeanInfo> (0x00000000c4fa9bf8) thrown at [./src/hotspot/share/classfile/systemDictionary.cpp, line 231]
Event: 9.665 Thread 0x0000017451f92800 Exception <a 'java/lang/ClassNotFoundException'{0x00000000c4fc92d8}: org/gradle/api/internal/project/AbstractPluginAwareBeanInfo> (0x00000000c4fc92d8) thrown at [./src/hotspot/share/classfile/systemDictionary.cpp, line 231]
Event: 9.666 Thread 0x0000017451f92800 Exception <a 'java/lang/ClassNotFoundException'{0x00000000c4fe89e0}: org/gradle/api/internal/project/AbstractPluginAwareCustomizer> (0x00000000c4fe89e0) thrown at [./src/hotspot/share/classfile/systemDictionary.cpp, line 231]
Event: 9.667 Thread 0x0000017451f92800 Exception <a 'java/lang/ClassNotFoundException'{0x00000000c4e0b548}: org/gradle/invocation/DefaultGradleCustomizer> (0x00000000c4e0b548) thrown at [./src/hotspot/share/classfile/systemDictionary.cpp, line 231]
Event: 9.670 Thread 0x0000017451f92800 Exception <a 'java/lang/ClassNotFoundException'{0x00000000c4e57d90}: org/gradle/invocation/DefaultGradle_DecoratedCustomizer> (0x00000000c4e57d90) thrown at [./src/hotspot/share/classfile/systemDictionary.cpp, line 231]
Event: 10.085 Thread 0x0000017453912000 Exception <a 'sun/nio/fs/WindowsException'{0x00000000c6e1b9f0}> (0x00000000c6e1b9f0) thrown at [./src/hotspot/share/prims/jni.cpp, line 615]
Event: 10.085 Thread 0x0000017453912000 Exception <a 'sun/nio/fs/WindowsException'{0x00000000c6e1bb78}> (0x00000000c6e1bb78) thrown at [./src/hotspot/share/prims/jni.cpp, line 615]
Event: 10.090 Thread 0x0000017451f92800 Exception <a 'java/lang/ClassNotFoundException'{0x00000000c6e4f620}: ijinit_74s6t0wkt9oslr4rqeitgk8vBeanInfo> (0x00000000c6e4f620) thrown at [./src/hotspot/share/classfile/systemDictionary.cpp, line 231]
Event: 10.090 Thread 0x0000017451f92800 Exception <a 'java/lang/ClassNotFoundException'{0x00000000c6e57dd8}: ijinit_74s6t0wkt9oslr4rqeitgk8vCustomizer> (0x00000000c6e57dd8) thrown at [./src/hotspot/share/classfile/systemDictionary.cpp, line 231]
Event: 10.141 Thread 0x0000017451f92800 Implicit null exception at 0x000001744366d497 to 0x000001744366e3d4
Event: 10.268 Thread 0x0000017451f92800 Exception <a 'java/lang/ClassNotFoundException'{0x00000000c633b440}: ijinit_74s6t0wkt9oslr4rqeitgk8vBeanInfo> (0x00000000c633b440) thrown at [./src/hotspot/share/classfile/systemDictionary.cpp, line 231]
Event: 10.268 Thread 0x0000017451f92800 Exception <a 'java/lang/ClassNotFoundException'{0x00000000c6343b98}: ijinit_74s6t0wkt9oslr4rqeitgk8vCustomizer> (0x00000000c6343b98) thrown at [./src/hotspot/share/classfile/systemDictionary.cpp, line 231]
Event: 10.272 Thread 0x0000017451f92800 Exception <a 'java/lang/ClassNotFoundException'{0x00000000c6398450}: org/gradle/api/internal/plugins/DefaultObjectConfigurationActionBeanInfo> (0x00000000c6398450) thrown at [./src/hotspot/share/classfile/systemDictionary.cpp, line 231]
Event: 10.273 Thread 0x0000017451f92800 Exception <a 'java/lang/ClassNotFoundException'{0x00000000c63b9b88}: org/gradle/api/internal/plugins/DefaultObjectConfigurationActionCustomizer> (0x00000000c63b9b88) thrown at [./src/hotspot/share/classfile/systemDictionary.cpp, line 231]

Events (20 events):
Event: 10.272 loading class org/gradle/api/internal/plugins/DefaultObjectConfigurationActionCustomizer
Event: 10.272 loading class org/gradle/api/internal/plugins/DefaultObjectConfigurationActionCustomizer done
Event: 10.272 loading class org/gradle/api/internal/plugins/DefaultObjectConfigurationActionCustomizer
Event: 10.272 loading class org/gradle/api/internal/plugins/DefaultObjectConfigurationActionCustomizer done
Event: 10.273 loading class org/gradle/api/internal/plugins/DefaultObjectConfigurationActionCustomizer
Event: 10.273 loading class org/gradle/api/internal/plugins/DefaultObjectConfigurationActionCustomizer done
Event: 10.274 loading class org/gradle/api/internal/plugins/DefaultObjectConfigurationAction$2
Event: 10.274 loading class org/gradle/api/internal/plugins/DefaultObjectConfigurationAction$2 done
Event: 10.274 loading class org/gradle/api/internal/plugins/DefaultPluginRegistry$RegistryAwarePluginImplementation
Event: 10.274 loading class org/gradle/api/internal/plugins/DefaultPluginRegistry$RegistryAwarePluginImplementation done
Event: 10.275 loading class org/gradle/api/internal/plugins/DefaultPotentialPluginWithId
Event: 10.275 loading class org/gradle/api/internal/plugins/DefaultPotentialPluginWithId done
Event: 10.275 loading class org/gradle/model/internal/inspect/ModelRuleSourceDetector$3
Event: 10.275 loading class org/gradle/model/internal/inspect/ModelRuleSourceDetector$3 done
Event: 10.275 loading class com/google/common/collect/Iterables$5
Event: 10.275 loading class com/google/common/collect/Iterables$5 done
Event: 10.276 loading class com/google/common/base/Predicates
Event: 10.276 loading class com/google/common/base/Predicates done
Event: 10.276 loading class com/google/common/base/Predicates$ObjectPredicate
Event: 10.276 loading class com/google/common/base/Predicates$ObjectPredicate done


Dynamic libraries:
0x00007ff671740000 - 0x00007ff67174a000 	C:\Program Files\Android\Android Studio\jre\bin\java.exe
0x00007ffcafc10000 - 0x00007ffcafe05000 	C:\windows\SYSTEM32\ntdll.dll
0x00007ffcaf8b0000 - 0x00007ffcaf96d000 	C:\windows\System32\KERNEL32.DLL
0x00007ffcad560000 - 0x00007ffcad829000 	C:\windows\System32\KERNELBASE.dll
0x00007ffcad3b0000 - 0x00007ffcad4b0000 	C:\windows\System32\ucrtbase.dll
0x00007ffc95930000 - 0x00007ffc95947000 	C:\Program Files\Android\Android Studio\jre\bin\VCRUNTIME140.dll
0x00007ffca3b80000 - 0x00007ffca3b99000 	C:\Program Files\Android\Android Studio\jre\bin\jli.dll
0x00007ffcaf700000 - 0x00007ffcaf8a0000 	C:\windows\System32\USER32.dll
0x00007ffcad900000 - 0x00007ffcad922000 	C:\windows\System32\win32u.dll
0x00007ffcaf6d0000 - 0x00007ffcaf6fa000 	C:\windows\System32\GDI32.dll
0x00007ffc932f0000 - 0x00007ffc9358a000 	C:\windows\WinSxS\amd64_microsoft.windows.common-controls_6595b64144ccf1df_6.0.19041.1110_none_60b5254171f9507e\COMCTL32.dll
0x00007ffcada90000 - 0x00007ffcadb9b000 	C:\windows\System32\gdi32full.dll
0x00007ffcad830000 - 0x00007ffcad8cd000 	C:\windows\System32\msvcp_win.dll
0x00007ffcaef30000 - 0x00007ffcaefce000 	C:\windows\System32\msvcrt.dll
0x00007ffcaeba0000 - 0x00007ffcaebd0000 	C:\windows\System32\IMM32.DLL
0x00007ffc52bf0000 - 0x00007ffc52c8d000 	C:\Program Files\Android\Android Studio\jre\bin\msvcp140.dll
0x00007ffc34f70000 - 0x00007ffc35a2c000 	C:\Program Files\Android\Android Studio\jre\bin\server\jvm.dll
0x00007ffcae3a0000 - 0x00007ffcae44c000 	C:\windows\System32\ADVAPI32.dll
0x00007ffcaddb0000 - 0x00007ffcade4b000 	C:\windows\System32\sechost.dll
0x00007ffcadc80000 - 0x00007ffcaddaa000 	C:\windows\System32\RPCRT4.dll
0x00007ffcaf050000 - 0x00007ffcaf058000 	C:\windows\System32\PSAPI.DLL
0x00007ffca0990000 - 0x00007ffca099a000 	C:\windows\SYSTEM32\VERSION.dll
0x00007ffc81ee0000 - 0x00007ffc81f07000 	C:\windows\SYSTEM32\WINMM.dll
0x00007ffca3840000 - 0x00007ffca3849000 	C:\windows\SYSTEM32\WSOCK32.dll
0x00007ffcaec60000 - 0x00007ffcaeccb000 	C:\windows\System32\WS2_32.dll
0x00007ffcab440000 - 0x00007ffcab452000 	C:\windows\SYSTEM32\kernel.appcore.dll
0x00007ffc681c0000 - 0x00007ffc681d1000 	C:\Program Files\Android\Android Studio\jre\bin\verify.dll
0x00007ffcaae50000 - 0x00007ffcab034000 	C:\windows\SYSTEM32\DBGHELP.DLL
0x00007ffc88fd0000 - 0x00007ffc88ffc000 	C:\windows\SYSTEM32\dbgcore.DLL
0x00007ffcadba0000 - 0x00007ffcadc23000 	C:\windows\System32\bcryptPrimitives.dll
0x00007ffc68190000 - 0x00007ffc681b9000 	C:\Program Files\Android\Android Studio\jre\bin\java.dll
0x00007ffc78a40000 - 0x00007ffc78a4b000 	C:\Program Files\Android\Android Studio\jre\bin\jimage.dll
0x00007ffc68170000 - 0x00007ffc68188000 	C:\Program Files\Android\Android Studio\jre\bin\zip.dll
0x00007ffcae450000 - 0x00007ffcaeb8f000 	C:\windows\System32\SHELL32.dll
0x00007ffcab480000 - 0x00007ffcabc11000 	C:\windows\SYSTEM32\windows.storage.dll
0x00007ffcaf310000 - 0x00007ffcaf665000 	C:\windows\System32\combase.dll
0x00007ffcacdc0000 - 0x00007ffcacdec000 	C:\windows\SYSTEM32\Wldp.dll
0x00007ffcafb20000 - 0x00007ffcafbce000 	C:\windows\System32\SHCORE.dll
0x00007ffcae320000 - 0x00007ffcae375000 	C:\windows\System32\shlwapi.dll
0x00007ffcad290000 - 0x00007ffcad2af000 	C:\windows\SYSTEM32\profapi.dll
0x00007ffc68150000 - 0x00007ffc6816a000 	C:\Program Files\Android\Android Studio\jre\bin\net.dll
0x00007ffca49f0000 - 0x00007ffca4afa000 	C:\windows\SYSTEM32\WINHTTP.dll
0x00007ffcacb20000 - 0x00007ffcacb8a000 	C:\windows\system32\mswsock.dll
0x00007ffc524a0000 - 0x00007ffc524b4000 	C:\Program Files\Android\Android Studio\jre\bin\nio.dll
0x00007ffca1d30000 - 0x00007ffca1d57000 	C:\Users\SHIVAM\.gradle\native\fdc75f09e3144964f2cf3f50f0aa648679c211496f362492102eb8c894070792\windows-amd64\native-platform.dll
0x00007ffc79850000 - 0x00007ffc799e6000 	C:\Users\SHIVAM\.gradle\native\12488b8bf47d2d4c9fbf2f6322a914ad602e24e48041cd04a747c6da556b65c4\windows-amd64\native-platform-file-events.dll
0x00007ffc78070000 - 0x00007ffc7807a000 	C:\Program Files\Android\Android Studio\jre\bin\management.dll
0x00007ffc77b90000 - 0x00007ffc77b9c000 	C:\Program Files\Android\Android Studio\jre\bin\management_ext.dll
0x00007ffcacd00000 - 0x00007ffcacd18000 	C:\windows\SYSTEM32\CRYPTSP.dll
0x00007ffcac450000 - 0x00007ffcac484000 	C:\windows\system32\rsaenh.dll
0x00007ffcad8d0000 - 0x00007ffcad8f7000 	C:\windows\System32\bcrypt.dll
0x00007ffcad250000 - 0x00007ffcad27e000 	C:\windows\SYSTEM32\USERENV.dll
0x00007ffcacd20000 - 0x00007ffcacd2c000 	C:\windows\SYSTEM32\CRYPTBASE.dll
0x00007ffcac7c0000 - 0x00007ffcac7fb000 	C:\windows\SYSTEM32\IPHLPAPI.DLL
0x00007ffcaeb90000 - 0x00007ffcaeb98000 	C:\windows\System32\NSI.dll
0x00007ffca30e0000 - 0x00007ffca30f7000 	C:\windows\SYSTEM32\dhcpcsvc6.DLL
0x00007ffca2760000 - 0x00007ffca277d000 	C:\windows\SYSTEM32\dhcpcsvc.DLL
0x00007ffcac800000 - 0x00007ffcac8cc000 	C:\windows\SYSTEM32\DNSAPI.dll
0x00007ffca49d0000 - 0x00007ffca49db000 	C:\windows\SYSTEM32\WINNSI.DLL

dbghelp: loaded successfully - version: 4.0.5 - missing functions: none
symbol engine: initialized successfully - sym options: 0x614 - pdb path: .;C:\Program Files\Android\Android Studio\jre\bin;C:\windows\SYSTEM32;C:\windows\WinSxS\amd64_microsoft.windows.common-controls_6595b64144ccf1df_6.0.19041.1110_none_60b5254171f9507e;C:\Program Files\Android\Android Studio\jre\bin\server;C:\Users\SHIVAM\.gradle\native\fdc75f09e3144964f2cf3f50f0aa648679c211496f362492102eb8c894070792\windows-amd64;C:\Users\SHIVAM\.gradle\native\12488b8bf47d2d4c9fbf2f6322a914ad602e24e48041cd04a747c6da556b65c4\windows-amd64

VM Arguments:
jvm_args: --add-opens=java.base/java.util=ALL-UNNAMED --add-opens=java.base/java.lang=ALL-UNNAMED --add-opens=java.base/java.lang.invoke=ALL-UNNAMED --add-opens=java.prefs/java.util.prefs=ALL-UNNAMED -Xmx1024m -Dfile.encoding=windows-1252 -Duser.country=IN -Duser.language=en -Duser.variant 
java_command: org.gradle.launcher.daemon.bootstrap.GradleDaemon 6.7.1
java_class_path (initial): C:\Users\SHIVAM\.gradle\wrapper\dists\gradle-6.7.1-bin\bwlcbys1h7rz3272sye1xwiv6\gradle-6.7.1\lib\gradle-launcher-6.7.1.jar
Launcher Type: SUN_STANDARD

[Global flags]
     intx CICompilerCount                          = 4                                         {product} {ergonomic}
     uint ConcGCThreads                            = 2                                         {product} {ergonomic}
     uint G1ConcRefinementThreads                  = 8                                         {product} {ergonomic}
   size_t G1HeapRegionSize                         = 1048576                                   {product} {ergonomic}
    uintx GCDrainStackTargetSize                   = 64                                        {product} {ergonomic}
   size_t InitialHeapSize                          = 130023424                                 {product} {ergonomic}
   size_t MarkStackSize                            = 4194304                                   {product} {ergonomic}
   size_t MaxHeapSize                              = 1073741824                                {product} {command line}
   size_t MaxNewSize                               = 643825664                                 {product} {ergonomic}
   size_t MinHeapDeltaBytes                        = 1048576                                   {product} {ergonomic}
    uintx NonNMethodCodeHeapSize                   = 5836300                                {pd product} {ergonomic}
    uintx NonProfiledCodeHeapSize                  = 122910970                              {pd product} {ergonomic}
    uintx ProfiledCodeHeapSize                     = 122910970                              {pd product} {ergonomic}
    uintx ReservedCodeCacheSize                    = 251658240                              {pd product} {ergonomic}
     bool SegmentedCodeCache                       = true                                      {product} {ergonomic}
     bool UseCompressedClassPointers               = true                                 {lp64_product} {ergonomic}
     bool UseCompressedOops                        = true                                 {lp64_product} {ergonomic}
     bool UseG1GC                                  = true                                      {product} {ergonomic}
     bool UseLargePagesIndividualAllocation        = false                                  {pd product} {ergonomic}

Logging:
Log output configuration:
 #0: stdout all=warning uptime,level,tags
 #1: stderr all=off uptime,level,tags

Environment Variables:
PATH=C:\Program Files\Common Files\Oracle\Java\javapath;C:\Program Files (x86)\Common Files\Intel\Shared Libraries\redist\intel64\compiler;C:\windows\system32;C:\windows;C:\windows\System32\Wbem;C:\windows\System32\WindowsPowerShell\v1.0\;C:\windows\System32\OpenSSH\;C:\Program Files\Git\cmd;C:\Users\SHIVAM\AppData\Local\Microsoft\WindowsApps;;D:\Microsoft VS Code\bin
USERNAME=SHIVAM
OS=Windows_NT
PROCESSOR_IDENTIFIER=Intel64 Family 6 Model 140 Stepping 1, GenuineIntel



---------------  S Y S T E M  ---------------

OS: Windows 10 , 64 bit Build 19041 (10.0.19041.1023)
OS uptime: 2 days 14:31 hours

CPU:total 8 (initial active 8) (4 cores per cpu, 2 threads per core) family 6 model 140 stepping 1, cmov, cx8, fxsr, mmx, sse, sse2, sse3, ssse3, sse4.1, sse4.2, popcnt, avx, avx2, aes, clmul, erms, 3dnowpref, lzcnt, ht, tsc, tscinvbit, bmi1, bmi2, adx, evex, sha, fma

Memory: 4k page, system-wide physical 7831M (252M free)
TotalPageFile size 31383M (AvailPageFile size 2M)
current process WorkingSet (physical memory assigned to process): 264M, peak: 264M
current process commit charge ("private bytes"): 307M, peak: 309M

vm_info: OpenJDK 64-Bit Server VM (11.0.8+10-b944.6842174) for windows-amd64 JRE (11.0.8+10-b944.6842174), built on Sep 19 2020 01:11:42 by "builder" with MS VC++ 14.0 (VS2015)

END.
